0 info it worked if it ends with ok
1 verbose cli [ 'C:\\Program Files\\nodejs\\node.exe',
1 verbose cli   'C:\\Program Files\\nodejs\\node_modules\\npm\\bin\\npm-cli.js',
1 verbose cli   'start' ]
2 info using npm@3.10.10
3 info using node@v6.9.5
4 verbose run-script [ 'prestart', 'start', 'poststart' ]
5 info lifecycle meanauthapp@1.0.0~prestart: meanauthapp@1.0.0
6 silly lifecycle meanauthapp@1.0.0~prestart: no script for prestart, continuing
7 info lifecycle meanauthapp@1.0.0~start: meanauthapp@1.0.0
8 verbose lifecycle meanauthapp@1.0.0~start: unsafe-perm in lifecycle true
9 verbose lifecycle meanauthapp@1.0.0~start: PATH: C:\Program Files\nodejs\node_modules\npm\bin\node-gyp-bin;E:\EC.alin\learning\js\JS-learning-master\angular2\meanauthapp_part_4\node_modules\.bin;C:\ProgramData\Oracle\Java\javapath;C:\Python35-32\Scripts\;C:\Python35-32\;C:\PGM\oracle\product\11.2.0\client_x86\bin;C:\Program Files (x86)\Cuminas\Document Express DjVu Plug-in\;C:\windows\system32;C:\windows;C:\windows\System32\Wbem;C:\windows\System32\WindowsPowerShell\v1.0\;C:\windows\System32\WindowsPowerShell\v1.0\;C:\windows\idmu\common;C:\Program Files (x86)\Common Files\PowerSoft Shared;C:\Program Files (x86)\Microsoft Application Virtualization Client;C:\Program Files\Java\jdk1.7.0_79;C:\Program Files\Apache Software Foundation\apache-maven-3.3.9\bin;c:\Program Files (x86)\GnuWin32\bin;C:\Program Files\nodejs\;C:\pgm\Git\cmd;C:\Program Files (x86)\Java\jre7\bin;C:\Program Files\TortoiseSVN\bin;C:\Program Files\Java\jdk1.8.0_141\bin;D:\temp\curl-7.54.1-win64-mingw\bin
10 verbose lifecycle meanauthapp@1.0.0~start: CWD: E:\EC.alin\learning\js\JS-learning-master\angular2\meanauthapp_part_4
11 silly lifecycle meanauthapp@1.0.0~start: Args: [ '/d /s /c', 'node app' ]
12 silly lifecycle meanauthapp@1.0.0~start: Returned: code: 3221225786  signal: null
13 info lifecycle meanauthapp@1.0.0~start: Failed to exec start script
14 verbose stack Error: meanauthapp@1.0.0 start: `node app`
14 verbose stack Exit status 3221225786
14 verbose stack     at EventEmitter.<anonymous> (C:\Program Files\nodejs\node_modules\npm\lib\utils\lifecycle.js:255:16)
14 verbose stack     at emitTwo (events.js:106:13)
14 verbose stack     at EventEmitter.emit (events.js:191:7)
14 verbose stack     at ChildProcess.<anonymous> (C:\Program Files\nodejs\node_modules\npm\lib\utils\spawn.js:40:14)
14 verbose stack     at emitTwo (events.js:106:13)
14 verbose stack     at ChildProcess.emit (events.js:191:7)
14 verbose stack     at maybeClose (internal/child_process.js:877:16)
14 verbose stack     at Process.ChildProcess._handle.onexit (internal/child_process.js:226:5)
15 verbose pkgid meanauthapp@1.0.0
16 verbose cwd E:\EC.alin\learning\js\JS-learning-master\angular2\meanauthapp_part_4
17 error Windows_NT 6.1.7601
18 error argv "C:\\Program Files\\nodejs\\node.exe" "C:\\Program Files\\nodejs\\node_modules\\npm\\bin\\npm-cli.js" "start"
19 error node v6.9.5
20 error npm  v3.10.10
21 error code ELIFECYCLE
22 error meanauthapp@1.0.0 start: `node app`
22 error Exit status 3221225786
23 error Failed at the meanauthapp@1.0.0 start script 'node app'.
23 error Make sure you have the latest version of node.js and npm installed.
23 error If you do, this is most likely a problem with the meanauthapp package,
23 error not with npm itself.
23 error Tell the author that this fails on your system:
23 error     node app
23 error You can get information on how to open an issue for this project with:
23 error     npm bugs meanauthapp
23 error Or if that isn't available, you can get their info via:
23 error     npm owner ls meanauthapp
23 error There is likely additional logging output above.
24 verbose exit [ 1, true ]
